<?xml version="1.0" encoding="UTF-8"?>
<testsuite name="ch.uzh.ifi.hase.soprafs21.repository.UserRepositoryIntegrationTest" tests="1" skipped="0" failures="0" errors="0" timestamp="2021-03-08T19:09:44" hostname="oliver-dell" time="0.022">
  <properties/>
  <testcase name="findByName_success()" classname="ch.uzh.ifi.hase.soprafs21.repository.UserRepositoryIntegrationTest" time="0.022"/>
  <system-out><![CDATA[2021-03-08 20:09:43.484  INFO 27133 --- [    Test worker] b.t.a.o.j.DataJpaTestContextBootstrapper : Neither @ContextConfiguration nor @ContextHierarchy found for test class [ch.uzh.ifi.hase.soprafs21.repository.UserRepositoryIntegrationTest], using SpringBootContextLoader
2021-03-08 20:09:43.486  INFO 27133 --- [    Test worker] o.s.t.c.support.AbstractContextLoader    : Could not detect default resource locations for test class [ch.uzh.ifi.hase.soprafs21.repository.UserRepositoryIntegrationTest]: no resource found for suffixes {-context.xml, Context.groovy}.
2021-03-08 20:09:43.486  INFO 27133 --- [    Test worker] t.c.s.AnnotationConfigContextLoaderUtils : Could not detect default configuration classes for test class [ch.uzh.ifi.hase.soprafs21.repository.UserRepositoryIntegrationTest]: UserRepositoryIntegrationTest does not declare any static, non-private, non-final, nested classes annotated with @Configuration.
2021-03-08 20:09:43.532  INFO 27133 --- [    Test worker] .b.t.c.SpringBootTestContextBootstrapper : Found @SpringBootConfiguration ch.uzh.ifi.hase.soprafs21.Application for test class ch.uzh.ifi.hase.soprafs21.repository.UserRepositoryIntegrationTest
2021-03-08 20:09:43.534  INFO 27133 --- [    Test worker] b.t.a.o.j.DataJpaTestContextBootstrapper : Loaded default TestExecutionListener class names from location [META-INF/spring.factories]: [org.springframework.boot.test.autoconfigure.restdocs.RestDocsTestExecutionListener, org.springframework.boot.test.autoconfigure.web.client.MockRestServiceServerResetTestExecutionListener, org.springframework.boot.test.autoconfigure.web.servlet.MockMvcPrintOnlyOnFailureTestExecutionListener, org.springframework.boot.test.autoconfigure.web.servlet.WebDriverTestExecutionListener, org.springframework.boot.test.autoconfigure.webservices.client.MockWebServiceServerTestExecutionListener, org.springframework.boot.test.mock.mockito.MockitoTestExecutionListener, org.springframework.boot.test.mock.mockito.ResetMocksTestExecutionListener, org.springframework.test.context.web.ServletTestExecutionListener, org.springframework.test.context.support.DirtiesContextBeforeModesTestExecutionListener, org.springframework.test.context.event.ApplicationEventsTestExecutionListener, org.springframework.test.context.support.DependencyInjectionTestExecutionListener, org.springframework.test.context.support.DirtiesContextTestExecutionListener, org.springframework.test.context.transaction.TransactionalTestExecutionListener, org.springframework.test.context.jdbc.SqlScriptsTestExecutionListener, org.springframework.test.context.event.EventPublishingTestExecutionListener]
2021-03-08 20:09:43.535  INFO 27133 --- [    Test worker] b.t.a.o.j.DataJpaTestContextBootstrapper : Using TestExecutionListeners: [org.springframework.test.context.web.ServletTestExecutionListener@2412d1a7, org.springframework.test.context.support.DirtiesContextBeforeModesTestExecutionListener@1c19d402, org.springframework.test.context.event.ApplicationEventsTestExecutionListener@57c1a712, org.springframework.boot.test.mock.mockito.MockitoTestExecutionListener@78c88c18, org.springframework.boot.test.autoconfigure.SpringBootDependencyInjectionTestExecutionListener@4ae5e54f, org.springframework.test.context.support.DirtiesContextTestExecutionListener@180e91d5, org.springframework.test.context.transaction.TransactionalTestExecutionListener@42ad5cf1, org.springframework.test.context.jdbc.SqlScriptsTestExecutionListener@7eb9b0f0, org.springframework.test.context.event.EventPublishingTestExecutionListener@1b13fdf5, org.springframework.boot.test.autoconfigure.restdocs.RestDocsTestExecutionListener@77ff577b, org.springframework.boot.test.autoconfigure.web.client.MockRestServiceServerResetTestExecutionListener@5f9dd7a1, org.springframework.boot.test.autoconfigure.web.servlet.MockMvcPrintOnlyOnFailureTestExecutionListener@6c90c292, org.springframework.boot.test.autoconfigure.web.servlet.WebDriverTestExecutionListener@686876a0, org.springframework.boot.test.autoconfigure.webservices.client.MockWebServiceServerTestExecutionListener@6521a059, org.springframework.boot.test.mock.mockito.ResetMocksTestExecutionListener@54304383]

  .   ____          _            __ _ _
 /\\ / ___'_ __ _ _(_)_ __  __ _ \ \ \ \
( ( )\___ | '_ | '_| | '_ \/ _` | \ \ \ \
 \\/  ___)| |_)| | | | | || (_| |  ) ) ) )
  '  |____| .__|_| |_|_| |_\__, | / / / /
 =========|_|==============|___/=/_/_/_/
 :: Spring Boot ::                (v2.4.2)

2021-03-08 20:09:43.603  INFO 27133 --- [    Test worker] .u.i.h.s.r.UserRepositoryIntegrationTest : Starting UserRepositoryIntegrationTest using Java 15.0.2 on oliver-dell with PID 27133 (started by oliver in /home/oliver/Documents/UZH/2021_FS/SoPra/Ex 1/SoPra_Server)
2021-03-08 20:09:43.605  INFO 27133 --- [    Test worker] .u.i.h.s.r.UserRepositoryIntegrationTest : No active profile set, falling back to default profiles: default
2021-03-08 20:09:43.749  INFO 27133 --- [    Test worker] .s.d.r.c.RepositoryConfigurationDelegate : Bootstrapping Spring Data JPA repositories in DEFAULT mode.
2021-03-08 20:09:43.763  INFO 27133 --- [    Test worker] .s.d.r.c.RepositoryConfigurationDelegate : Finished Spring Data repository scanning in 13 ms. Found 1 JPA repository interfaces.
2021-03-08 20:09:43.789  INFO 27133 --- [    Test worker] beddedDataSourceBeanFactoryPostProcessor : Replacing 'dataSource' DataSource bean with embedded version
2021-03-08 20:09:43.829  INFO 27133 --- [    Test worker] o.s.j.d.e.EmbeddedDatabaseFactory        : Starting embedded database: url='jdbc:h2:mem:dde42baa-6467-44ac-afb3-9aa2556404ce;DB_CLOSE_DELAY=-1;DB_CLOSE_ON_EXIT=false', username='sa'
2021-03-08 20:09:43.902  INFO 27133 --- [    Test worker] o.hibernate.jpa.internal.util.LogHelper  : HHH000204: Processing PersistenceUnitInfo [name: default]
2021-03-08 20:09:43.906  INFO 27133 --- [    Test worker] org.hibernate.dialect.Dialect            : HHH000400: Using dialect: org.hibernate.dialect.H2Dialect
Hibernate: drop table if exists user CASCADE 
Hibernate: drop sequence if exists hibernate_sequence
Hibernate: create sequence hibernate_sequence start with 1 increment by 1
Hibernate: create table user (id bigint not null, name varchar(255) not null, status integer not null, token varchar(255) not null, username varchar(255) not null, primary key (id))
Hibernate: alter table user add constraint UK_mtqx5podr73c7h25y9qqu96x2 unique (token)
Hibernate: alter table user add constraint UK_sb8bbouer5wak8vyiiy4pf2bx unique (username)
2021-03-08 20:09:43.948  INFO 27133 --- [    Test worker] o.h.e.t.j.p.i.JtaPlatformInitiator       : HHH000490: Using JtaPlatform implementation: [org.hibernate.engine.transaction.jta.platform.internal.NoJtaPlatform]
2021-03-08 20:09:43.948  INFO 27133 --- [    Test worker] j.LocalContainerEntityManagerFactoryBean : Initialized JPA EntityManagerFactory for persistence unit 'default'
2021-03-08 20:09:44.076  INFO 27133 --- [    Test worker] .u.i.h.s.r.UserRepositoryIntegrationTest : Started UserRepositoryIntegrationTest in 0.537 seconds (JVM running for 10.432)
2021-03-08 20:09:44.087  INFO 27133 --- [    Test worker] o.s.t.c.transaction.TransactionContext   : Began transaction (1) for test context [DefaultTestContext@5a745d6a testClass = UserRepositoryIntegrationTest, testInstance = ch.uzh.ifi.hase.soprafs21.repository.UserRepositoryIntegrationTest@6928423d, testMethod = findByName_success@UserRepositoryIntegrationTest, testException = [null], mergedContextConfiguration = [MergedContextConfiguration@6e9bbdae testClass = UserRepositoryIntegrationTest, locations = '{}', classes = '{class ch.uzh.ifi.hase.soprafs21.Application}', contextInitializerClasses = '[]', activeProfiles = '{}', propertySourceLocations = '{}', propertySourceProperties = '{org.springframework.boot.test.autoconfigure.orm.jpa.DataJpaTestContextBootstrapper=true}', contextCustomizers = set[org.springframework.boot.test.autoconfigure.OverrideAutoConfigurationContextCustomizerFactory$DisableAutoConfigurationContextCustomizer@14c33040, org.springframework.boot.test.autoconfigure.actuate.metrics.MetricsExportContextCustomizerFactory$DisableMetricExportContextCustomizer@514679ba, org.springframework.boot.test.autoconfigure.filter.TypeExcludeFiltersContextCustomizer@351584c0, org.springframework.boot.test.autoconfigure.properties.PropertyMappingContextCustomizer@cbdcaff3, org.springframework.boot.test.autoconfigure.web.servlet.WebDriverContextCustomizerFactory$Customizer@7f04a4a4, [ImportsContextCustomizer@58a11f98 key = [org.springframework.boot.autoconfigure.cache.CacheAutoConfiguration, org.springframework.boot.autoconfigure.data.jpa.JpaRepositoriesAutoConfiguration, org.springframework.boot.autoconfigure.flyway.FlywayAutoConfiguration, org.springframework.boot.autoconfigure.jdbc.DataSourceAutoConfiguration, org.springframework.boot.autoconfigure.jdbc.DataSourceTransactionManagerAutoConfiguration, org.springframework.boot.autoconfigure.jdbc.JdbcTemplateAutoConfiguration, org.springframework.boot.autoconfigure.liquibase.LiquibaseAutoConfiguration, org.springframework.boot.autoconfigure.orm.jpa.HibernateJpaAutoConfiguration, org.springframework.boot.autoconfigure.transaction.TransactionAutoConfiguration, org.springframework.boot.test.autoconfigure.jdbc.TestDatabaseAutoConfiguration, org.springframework.boot.test.autoconfigure.orm.jpa.TestEntityManagerAutoConfiguration]], org.springframework.boot.test.context.filter.ExcludeFilterContextCustomizer@532bbff6, org.springframework.boot.test.json.DuplicateJsonObjectContextCustomizerFactory$DuplicateJsonObjectContextCustomizer@19f8e07b, org.springframework.boot.test.mock.mockito.MockitoContextCustomizer@0, org.springframework.boot.test.context.SpringBootTestArgs@1, org.springframework.boot.test.context.SpringBootTestWebEnvironment@0], contextLoader = 'org.springframework.boot.test.context.SpringBootContextLoader', parent = [null]], attributes = map['org.springframework.test.context.event.ApplicationEventsTestExecutionListener.recordApplicationEvents' -> false]]; transaction manager [org.springframework.orm.jpa.JpaTransactionManager@77e915f8]; rollback [true]
Hibernate: call next value for hibernate_sequence
Hibernate: insert into user (name, status, token, username, id) values (?, ?, ?, ?, ?)
Hibernate: select user0_.id as id1_0_, user0_.name as name2_0_, user0_.status as status3_0_, user0_.token as token4_0_, user0_.username as username5_0_ from user user0_ where user0_.name=?
2021-03-08 20:09:44.101  INFO 27133 --- [    Test worker] o.s.t.c.transaction.TransactionContext   : Rolled back transaction for test: [DefaultTestContext@5a745d6a testClass = UserRepositoryIntegrationTest, testInstance = ch.uzh.ifi.hase.soprafs21.repository.UserRepositoryIntegrationTest@6928423d, testMethod = findByName_success@UserRepositoryIntegrationTest, testException = [null], mergedContextConfiguration = [MergedContextConfiguration@6e9bbdae testClass = UserRepositoryIntegrationTest, locations = '{}', classes = '{class ch.uzh.ifi.hase.soprafs21.Application}', contextInitializerClasses = '[]', activeProfiles = '{}', propertySourceLocations = '{}', propertySourceProperties = '{org.springframework.boot.test.autoconfigure.orm.jpa.DataJpaTestContextBootstrapper=true}', contextCustomizers = set[org.springframework.boot.test.autoconfigure.OverrideAutoConfigurationContextCustomizerFactory$DisableAutoConfigurationContextCustomizer@14c33040, org.springframework.boot.test.autoconfigure.actuate.metrics.MetricsExportContextCustomizerFactory$DisableMetricExportContextCustomizer@514679ba, org.springframework.boot.test.autoconfigure.filter.TypeExcludeFiltersContextCustomizer@351584c0, org.springframework.boot.test.autoconfigure.properties.PropertyMappingContextCustomizer@cbdcaff3, org.springframework.boot.test.autoconfigure.web.servlet.WebDriverContextCustomizerFactory$Customizer@7f04a4a4, [ImportsContextCustomizer@58a11f98 key = [org.springframework.boot.autoconfigure.cache.CacheAutoConfiguration, org.springframework.boot.autoconfigure.data.jpa.JpaRepositoriesAutoConfiguration, org.springframework.boot.autoconfigure.flyway.FlywayAutoConfiguration, org.springframework.boot.autoconfigure.jdbc.DataSourceAutoConfiguration, org.springframework.boot.autoconfigure.jdbc.DataSourceTransactionManagerAutoConfiguration, org.springframework.boot.autoconfigure.jdbc.JdbcTemplateAutoConfiguration, org.springframework.boot.autoconfigure.liquibase.LiquibaseAutoConfiguration, org.springframework.boot.autoconfigure.orm.jpa.HibernateJpaAutoConfiguration, org.springframework.boot.autoconfigure.transaction.TransactionAutoConfiguration, org.springframework.boot.test.autoconfigure.jdbc.TestDatabaseAutoConfiguration, org.springframework.boot.test.autoconfigure.orm.jpa.TestEntityManagerAutoConfiguration]], org.springframework.boot.test.context.filter.ExcludeFilterContextCustomizer@532bbff6, org.springframework.boot.test.json.DuplicateJsonObjectContextCustomizerFactory$DuplicateJsonObjectContextCustomizer@19f8e07b, org.springframework.boot.test.mock.mockito.MockitoContextCustomizer@0, org.springframework.boot.test.context.SpringBootTestArgs@1, org.springframework.boot.test.context.SpringBootTestWebEnvironment@0], contextLoader = 'org.springframework.boot.test.context.SpringBootContextLoader', parent = [null]], attributes = map['org.springframework.test.context.event.ApplicationEventsTestExecutionListener.recordApplicationEvents' -> false]]
]]></system-out>
  <system-err><![CDATA[]]></system-err>
</testsuite>
