<?xml version="1.0" encoding="UTF-8"?>
<testsuite name="ch.uzh.ifi.hase.soprafs21.service.UserServiceTest" tests="3" skipped="0" failures="0" errors="0" timestamp="2021-03-14T14:58:44" hostname="oliver-dell" time="0.156">
  <properties/>
  <testcase name="createUser_validInputs_success()" classname="ch.uzh.ifi.hase.soprafs21.service.UserServiceTest" time="0.143"/>
  <testcase name="createUser_duplicateName_throwsException()" classname="ch.uzh.ifi.hase.soprafs21.service.UserServiceTest" time="0.006"/>
  <testcase name="createUser_duplicateInputs_throwsException()" classname="ch.uzh.ifi.hase.soprafs21.service.UserServiceTest" time="0.005"/>
  <system-out><![CDATA[]]></system-out>
  <system-err><![CDATA[]]></system-err>
</testsuite>
