<?xml version="1.0" encoding="UTF-8"?>
<testsuite name="ch.uzh.ifi.hase.soprafs21.service.UserServiceIntegrationTest" tests="2" skipped="0" failures="0" errors="0" timestamp="2021-03-08T19:09:42" hostname="oliver-dell" time="0.621">
  <properties/>
  <testcase name="createUser_validInputs_success()" classname="ch.uzh.ifi.hase.soprafs21.service.UserServiceIntegrationTest" time="0.574"/>
  <testcase name="createUser_duplicateUsername_throwsException()" classname="ch.uzh.ifi.hase.soprafs21.service.UserServiceIntegrationTest" time="0.045"/>
  <system-out><![CDATA[20:09:34.979 [Test worker] DEBUG org.springframework.test.context.BootstrapUtils - Instantiating CacheAwareContextLoaderDelegate from class [org.springframework.test.context.cache.DefaultCacheAwareContextLoaderDelegate]
20:09:35.011 [Test worker] DEBUG org.springframework.test.context.BootstrapUtils - Instantiating BootstrapContext using constructor [public org.springframework.test.context.support.DefaultBootstrapContext(java.lang.Class,org.springframework.test.context.CacheAwareContextLoaderDelegate)]
20:09:35.098 [Test worker] DEBUG org.springframework.test.context.BootstrapUtils - Instantiating TestContextBootstrapper for test class [ch.uzh.ifi.hase.soprafs21.service.UserServiceIntegrationTest] from class [org.springframework.boot.test.context.SpringBootTestContextBootstrapper]
20:09:35.117 [Test worker] INFO org.springframework.boot.test.context.SpringBootTestContextBootstrapper - Neither @ContextConfiguration nor @ContextHierarchy found for test class [ch.uzh.ifi.hase.soprafs21.service.UserServiceIntegrationTest], using SpringBootContextLoader
20:09:35.129 [Test worker] DEBUG org.springframework.test.context.support.AbstractContextLoader - Did not detect default resource location for test class [ch.uzh.ifi.hase.soprafs21.service.UserServiceIntegrationTest]: class path resource [ch/uzh/ifi/hase/soprafs21/service/UserServiceIntegrationTest-context.xml] does not exist
20:09:35.129 [Test worker] DEBUG org.springframework.test.context.support.AbstractContextLoader - Did not detect default resource location for test class [ch.uzh.ifi.hase.soprafs21.service.UserServiceIntegrationTest]: class path resource [ch/uzh/ifi/hase/soprafs21/service/UserServiceIntegrationTestContext.groovy] does not exist
20:09:35.130 [Test worker] INFO org.springframework.test.context.support.AbstractContextLoader - Could not detect default resource locations for test class [ch.uzh.ifi.hase.soprafs21.service.UserServiceIntegrationTest]: no resource found for suffixes {-context.xml, Context.groovy}.
20:09:35.131 [Test worker] INFO org.springframework.test.context.support.AnnotationConfigContextLoaderUtils - Could not detect default configuration classes for test class [ch.uzh.ifi.hase.soprafs21.service.UserServiceIntegrationTest]: UserServiceIntegrationTest does not declare any static, non-private, non-final, nested classes annotated with @Configuration.
20:09:35.218 [Test worker] DEBUG org.springframework.test.context.support.ActiveProfilesUtils - Could not find an 'annotation declaring class' for annotation type [org.springframework.test.context.ActiveProfiles] and class [ch.uzh.ifi.hase.soprafs21.service.UserServiceIntegrationTest]
20:09:35.380 [Test worker] DEBUG org.springframework.context.annotation.ClassPathScanningCandidateComponentProvider - Identified candidate component class: file [/home/oliver/Documents/UZH/2021_FS/SoPra/Ex 1/SoPra_Server/build/classes/java/main/ch/uzh/ifi/hase/soprafs21/Application.class]
20:09:35.381 [Test worker] INFO org.springframework.boot.test.context.SpringBootTestContextBootstrapper - Found @SpringBootConfiguration ch.uzh.ifi.hase.soprafs21.Application for test class ch.uzh.ifi.hase.soprafs21.service.UserServiceIntegrationTest
20:09:35.580 [Test worker] DEBUG org.springframework.boot.test.context.SpringBootTestContextBootstrapper - @TestExecutionListeners is not present for class [ch.uzh.ifi.hase.soprafs21.service.UserServiceIntegrationTest]: using defaults.
20:09:35.581 [Test worker] INFO org.springframework.boot.test.context.SpringBootTestContextBootstrapper - Loaded default TestExecutionListener class names from location [META-INF/spring.factories]: [org.springframework.boot.test.autoconfigure.restdocs.RestDocsTestExecutionListener, org.springframework.boot.test.autoconfigure.web.client.MockRestServiceServerResetTestExecutionListener, org.springframework.boot.test.autoconfigure.web.servlet.MockMvcPrintOnlyOnFailureTestExecutionListener, org.springframework.boot.test.autoconfigure.web.servlet.WebDriverTestExecutionListener, org.springframework.boot.test.autoconfigure.webservices.client.MockWebServiceServerTestExecutionListener, org.springframework.boot.test.mock.mockito.MockitoTestExecutionListener, org.springframework.boot.test.mock.mockito.ResetMocksTestExecutionListener, org.springframework.test.context.web.ServletTestExecutionListener, org.springframework.test.context.support.DirtiesContextBeforeModesTestExecutionListener, org.springframework.test.context.event.ApplicationEventsTestExecutionListener, org.springframework.test.context.support.DependencyInjectionTestExecutionListener, org.springframework.test.context.support.DirtiesContextTestExecutionListener, org.springframework.test.context.transaction.TransactionalTestExecutionListener, org.springframework.test.context.jdbc.SqlScriptsTestExecutionListener, org.springframework.test.context.event.EventPublishingTestExecutionListener]
20:09:35.618 [Test worker] INFO org.springframework.boot.test.context.SpringBootTestContextBootstrapper - Using TestExecutionListeners: [org.springframework.test.context.web.ServletTestExecutionListener@41e3a0ad, org.springframework.test.context.support.DirtiesContextBeforeModesTestExecutionListener@529adf63, org.springframework.test.context.event.ApplicationEventsTestExecutionListener@79646c92, org.springframework.boot.test.mock.mockito.MockitoTestExecutionListener@4334cfd1, org.springframework.boot.test.autoconfigure.SpringBootDependencyInjectionTestExecutionListener@1f0ee9d2, org.springframework.test.context.support.DirtiesContextTestExecutionListener@1beb5c97, org.springframework.test.context.transaction.TransactionalTestExecutionListener@4131a384, org.springframework.test.context.jdbc.SqlScriptsTestExecutionListener@249eb634, org.springframework.test.context.event.EventPublishingTestExecutionListener@4c368b0c, org.springframework.boot.test.autoconfigure.restdocs.RestDocsTestExecutionListener@d7879f9, org.springframework.boot.test.autoconfigure.web.client.MockRestServiceServerResetTestExecutionListener@4119c651, org.springframework.boot.test.autoconfigure.web.servlet.MockMvcPrintOnlyOnFailureTestExecutionListener@10e7e750, org.springframework.boot.test.autoconfigure.web.servlet.WebDriverTestExecutionListener@68f160ab, org.springframework.boot.test.autoconfigure.webservices.client.MockWebServiceServerTestExecutionListener@26086bfd, org.springframework.boot.test.mock.mockito.ResetMocksTestExecutionListener@292c0a23]
20:09:35.625 [Test worker] DEBUG org.springframework.test.context.support.AbstractDirtiesContextTestExecutionListener - Before test class: context [DefaultTestContext@22ae67a testClass = UserServiceIntegrationTest, testInstance = [null], testMethod = [null], testException = [null], mergedContextConfiguration = [WebMergedContextConfiguration@5ac9aa56 testClass = UserServiceIntegrationTest, locations = '{}', classes = '{class ch.uzh.ifi.hase.soprafs21.Application}', contextInitializerClasses = '[]', activeProfiles = '{}', propertySourceLocations = '{}', propertySourceProperties = '{org.springframework.boot.test.context.SpringBootTestContextBootstrapper=true}', contextCustomizers = set[org.springframework.boot.test.autoconfigure.actuate.metrics.MetricsExportContextCustomizerFactory$DisableMetricExportContextCustomizer@514679ba, org.springframework.boot.test.autoconfigure.properties.PropertyMappingContextCustomizer@0, org.springframework.boot.test.autoconfigure.web.servlet.WebDriverContextCustomizerFactory$Customizer@7f04a4a4, org.springframework.boot.test.context.filter.ExcludeFilterContextCustomizer@532bbff6, org.springframework.boot.test.json.DuplicateJsonObjectContextCustomizerFactory$DuplicateJsonObjectContextCustomizer@19f8e07b, org.springframework.boot.test.mock.mockito.MockitoContextCustomizer@0, org.springframework.boot.test.web.client.TestRestTemplateContextCustomizer@72a7466f, org.springframework.test.context.web.socket.MockServerContainerContextCustomizer@2db15ac1, org.springframework.boot.test.context.SpringBootTestArgs@1, org.springframework.boot.test.context.SpringBootTestWebEnvironment@4027d343], resourceBasePath = 'src/main/webapp', contextLoader = 'org.springframework.boot.test.context.SpringBootContextLoader', parent = [null]], attributes = map['org.springframework.test.context.web.ServletTestExecutionListener.activateListener' -> true]], class annotated with @DirtiesContext [false] with mode [null].
20:09:35.683 [Test worker] DEBUG org.springframework.test.context.support.TestPropertySourceUtils - Adding inlined properties to environment: {spring.jmx.enabled=false, org.springframework.boot.test.context.SpringBootTestContextBootstrapper=true}

  .   ____          _            __ _ _
 /\\ / ___'_ __ _ _(_)_ __  __ _ \ \ \ \
( ( )\___ | '_ | '_| | '_ \/ _` | \ \ \ \
 \\/  ___)| |_)| | | | | || (_| |  ) ) ) )
  '  |____| .__|_| |_|_| |_\__, | / / / /
 =========|_|==============|___/=/_/_/_/
 :: Spring Boot ::                (v2.4.2)

2021-03-08 20:09:36.140  INFO 27133 --- [    Test worker] c.u.i.h.s.s.UserServiceIntegrationTest   : Starting UserServiceIntegrationTest using Java 15.0.2 on oliver-dell with PID 27133 (started by oliver in /home/oliver/Documents/UZH/2021_FS/SoPra/Ex 1/SoPra_Server)
2021-03-08 20:09:36.145  INFO 27133 --- [    Test worker] c.u.i.h.s.s.UserServiceIntegrationTest   : No active profile set, falling back to default profiles: default
2021-03-08 20:09:37.418  INFO 27133 --- [    Test worker] .s.d.r.c.RepositoryConfigurationDelegate : Bootstrapping Spring Data JPA repositories in DEFAULT mode.
2021-03-08 20:09:37.542  INFO 27133 --- [    Test worker] .s.d.r.c.RepositoryConfigurationDelegate : Finished Spring Data repository scanning in 109 ms. Found 1 JPA repository interfaces.
2021-03-08 20:09:38.711  INFO 27133 --- [    Test worker] com.zaxxer.hikari.HikariDataSource       : HikariPool-1 - Starting...
2021-03-08 20:09:39.303  INFO 27133 --- [    Test worker] com.zaxxer.hikari.HikariDataSource       : HikariPool-1 - Start completed.
2021-03-08 20:09:39.453  INFO 27133 --- [    Test worker] o.hibernate.jpa.internal.util.LogHelper  : HHH000204: Processing PersistenceUnitInfo [name: default]
2021-03-08 20:09:39.545  INFO 27133 --- [    Test worker] org.hibernate.Version                    : HHH000412: Hibernate ORM core version 5.4.27.Final
2021-03-08 20:09:39.852  INFO 27133 --- [    Test worker] o.hibernate.annotations.common.Version   : HCANN000001: Hibernate Commons Annotations {5.1.2.Final}
2021-03-08 20:09:40.083  INFO 27133 --- [    Test worker] org.hibernate.dialect.Dialect            : HHH000400: Using dialect: org.hibernate.dialect.H2Dialect
2021-03-08 20:09:41.029  INFO 27133 --- [    Test worker] o.h.e.t.j.p.i.JtaPlatformInitiator       : HHH000490: Using JtaPlatform implementation: [org.hibernate.engine.transaction.jta.platform.internal.NoJtaPlatform]
2021-03-08 20:09:41.041  INFO 27133 --- [    Test worker] j.LocalContainerEntityManagerFactoryBean : Initialized JPA EntityManagerFactory for persistence unit 'default'
2021-03-08 20:09:41.845  WARN 27133 --- [    Test worker] JpaBaseConfiguration$JpaWebConfiguration : spring.jpa.open-in-view is enabled by default. Therefore, database queries may be performed during view rendering. Explicitly configure spring.jpa.open-in-view to disable this warning
2021-03-08 20:09:42.090  INFO 27133 --- [    Test worker] o.s.s.concurrent.ThreadPoolTaskExecutor  : Initializing ExecutorService 'applicationTaskExecutor'
2021-03-08 20:09:42.169  INFO 27133 --- [    Test worker] o.s.b.a.h2.H2ConsoleAutoConfiguration    : H2 console available at '/h2-console'. Database available at 'jdbc:h2:mem:testdb'
2021-03-08 20:09:42.549  INFO 27133 --- [    Test worker] c.u.i.h.s.s.UserServiceIntegrationTest   : Started UserServiceIntegrationTest in 6.851 seconds (JVM running for 8.904)
]]></system-out>
  <system-err><![CDATA[]]></system-err>
</testsuite>
