<?xml version="1.0" encoding="UTF-8"?>
<testsuite name="ch.uzh.ifi.hase.soprafs21.controller.UserControllerTest" tests="2" skipped="0" failures="0" errors="0" timestamp="2021-03-08T19:09:44" hostname="oliver-dell" time="0.227">
  <properties/>
  <testcase name="givenUsers_whenGetUsers_thenReturnJsonArray()" classname="ch.uzh.ifi.hase.soprafs21.controller.UserControllerTest" time="0.152"/>
  <testcase name="createUser_validInput_userCreated()" classname="ch.uzh.ifi.hase.soprafs21.controller.UserControllerTest" time="0.074"/>
  <system-out><![CDATA[2021-03-08 20:09:44.109  INFO 27133 --- [    Test worker] .b.t.a.w.s.WebMvcTestContextBootstrapper : Neither @ContextConfiguration nor @ContextHierarchy found for test class [ch.uzh.ifi.hase.soprafs21.controller.UserControllerTest], using SpringBootContextLoader
2021-03-08 20:09:44.110  INFO 27133 --- [    Test worker] o.s.t.c.support.AbstractContextLoader    : Could not detect default resource locations for test class [ch.uzh.ifi.hase.soprafs21.controller.UserControllerTest]: no resource found for suffixes {-context.xml, Context.groovy}.
2021-03-08 20:09:44.110  INFO 27133 --- [    Test worker] t.c.s.AnnotationConfigContextLoaderUtils : Could not detect default configuration classes for test class [ch.uzh.ifi.hase.soprafs21.controller.UserControllerTest]: UserControllerTest does not declare any static, non-private, non-final, nested classes annotated with @Configuration.
2021-03-08 20:09:44.121  INFO 27133 --- [    Test worker] .b.t.c.SpringBootTestContextBootstrapper : Found @SpringBootConfiguration ch.uzh.ifi.hase.soprafs21.Application for test class ch.uzh.ifi.hase.soprafs21.controller.UserControllerTest
2021-03-08 20:09:44.122  INFO 27133 --- [    Test worker] .b.t.a.w.s.WebMvcTestContextBootstrapper : Loaded default TestExecutionListener class names from location [META-INF/spring.factories]: [org.springframework.boot.test.autoconfigure.restdocs.RestDocsTestExecutionListener, org.springframework.boot.test.autoconfigure.web.client.MockRestServiceServerResetTestExecutionListener, org.springframework.boot.test.autoconfigure.web.servlet.MockMvcPrintOnlyOnFailureTestExecutionListener, org.springframework.boot.test.autoconfigure.web.servlet.WebDriverTestExecutionListener, org.springframework.boot.test.autoconfigure.webservices.client.MockWebServiceServerTestExecutionListener, org.springframework.boot.test.mock.mockito.MockitoTestExecutionListener, org.springframework.boot.test.mock.mockito.ResetMocksTestExecutionListener, org.springframework.test.context.web.ServletTestExecutionListener, org.springframework.test.context.support.DirtiesContextBeforeModesTestExecutionListener, org.springframework.test.context.event.ApplicationEventsTestExecutionListener, org.springframework.test.context.support.DependencyInjectionTestExecutionListener, org.springframework.test.context.support.DirtiesContextTestExecutionListener, org.springframework.test.context.transaction.TransactionalTestExecutionListener, org.springframework.test.context.jdbc.SqlScriptsTestExecutionListener, org.springframework.test.context.event.EventPublishingTestExecutionListener]
2021-03-08 20:09:44.123  INFO 27133 --- [    Test worker] .b.t.a.w.s.WebMvcTestContextBootstrapper : Using TestExecutionListeners: [org.springframework.test.context.web.ServletTestExecutionListener@5782e31e, org.springframework.test.context.support.DirtiesContextBeforeModesTestExecutionListener@750349f7, org.springframework.test.context.event.ApplicationEventsTestExecutionListener@314b352d, org.springframework.boot.test.mock.mockito.MockitoTestExecutionListener@52de85bf, org.springframework.boot.test.autoconfigure.SpringBootDependencyInjectionTestExecutionListener@128416e9, org.springframework.test.context.support.DirtiesContextTestExecutionListener@7da7a9bf, org.springframework.test.context.transaction.TransactionalTestExecutionListener@152d197b, org.springframework.test.context.jdbc.SqlScriptsTestExecutionListener@33f8951c, org.springframework.test.context.event.EventPublishingTestExecutionListener@1f9fed4, org.springframework.boot.test.autoconfigure.restdocs.RestDocsTestExecutionListener@41534505, org.springframework.boot.test.autoconfigure.web.client.MockRestServiceServerResetTestExecutionListener@3cc86a95, org.springframework.boot.test.autoconfigure.web.servlet.MockMvcPrintOnlyOnFailureTestExecutionListener@4b6f4865, org.springframework.boot.test.autoconfigure.web.servlet.WebDriverTestExecutionListener@5ae0082, org.springframework.boot.test.autoconfigure.webservices.client.MockWebServiceServerTestExecutionListener@5e0e165f, org.springframework.boot.test.mock.mockito.ResetMocksTestExecutionListener@21ed53c9]

  .   ____          _            __ _ _
 /\\ / ___'_ __ _ _(_)_ __  __ _ \ \ \ \
( ( )\___ | '_ | '_| | '_ \/ _` | \ \ \ \
 \\/  ___)| |_)| | | | | || (_| |  ) ) ) )
  '  |____| .__|_| |_|_| |_\__, | / / / /
 =========|_|==============|___/=/_/_/_/
 :: Spring Boot ::                (v2.4.2)

2021-03-08 20:09:44.157  INFO 27133 --- [    Test worker] c.u.i.h.s.controller.UserControllerTest  : Starting UserControllerTest using Java 15.0.2 on oliver-dell with PID 27133 (started by oliver in /home/oliver/Documents/UZH/2021_FS/SoPra/Ex 1/SoPra_Server)
2021-03-08 20:09:44.158  INFO 27133 --- [    Test worker] c.u.i.h.s.controller.UserControllerTest  : No active profile set, falling back to default profiles: default
2021-03-08 20:09:44.498  INFO 27133 --- [    Test worker] o.s.s.concurrent.ThreadPoolTaskExecutor  : Initializing ExecutorService 'applicationTaskExecutor'
2021-03-08 20:09:44.621  INFO 27133 --- [    Test worker] o.s.b.t.m.w.SpringBootMockServletContext : Initializing Spring TestDispatcherServlet ''
2021-03-08 20:09:44.622  INFO 27133 --- [    Test worker] o.s.t.web.servlet.TestDispatcherServlet  : Initializing Servlet ''
2021-03-08 20:09:44.623  INFO 27133 --- [    Test worker] o.s.t.web.servlet.TestDispatcherServlet  : Completed initialization in 1 ms
2021-03-08 20:09:44.641  INFO 27133 --- [    Test worker] c.u.i.h.s.controller.UserControllerTest  : Started UserControllerTest in 0.514 seconds (JVM running for 10.997)
]]></system-out>
  <system-err><![CDATA[]]></system-err>
</testsuite>
